app/build/outputs/logs/manifest-merger-debug-report.txt
-- Merging decision tree log ---
manifest
ADDED from src/main/AndroidManifest.xml:2:1-61:12
INJECTED from src/main/AndroidManifest.xml:2:1-61:12
INJECTED from src/main/AndroidManifest.xml:2:1-61:12
INJECTED from src/main/AndroidManifest.xml:2:1-61:12
MERGED from [com.android.support:design:25.4.0] AndroidManifest.xml:17:1-31:12
MERGED from [com.android.support:appcompat-v7:25.4.0] AndroidManifest.xml:17:1-31:12
MERGED from [com.android.support:recyclerview-v7:25.4.0] AndroidManifest.xml:17:1-28:12
MERGED from [com.google.firebase:firebase-core:9.6.1] AndroidManifest.xml:2:1-6:12
MERGED from [com.crashlytics.sdk.android:crashlytics:2.8.0] AndroidManifest.xml:2:1-19:12
MERGED from [com.crashlytics.sdk.android:crashlytics-core:2.5.0] AndroidManifest.xml:45:1-56:12
MERGED from [com.crashlytics.sdk.android:answers:1.4.1] AndroidManifest.xml:2:1-13:12
MERGED from [com.android.support:animated-vector-drawable:25.4.0] AndroidManifest.xml:17:1-28:12
MERGED from [com.android.support:support-vector-drawable:25.4.0] AndroidManifest.xml:17:1-28:12
MERGED from [com.android.support:transition:25.4.0] AndroidManifest.xml:17:1-28:12
MERGED from [com.google.firebase:firebase-analytics:9.6.1] AndroidManifest.xml:16:1-34:12
MERGED from [com.google.firebase:firebase-analytics-impl:9.6.1] AndroidManifest.xml:16:1-29:12
MERGED from [com.google.firebase:firebase-iid:9.6.1] AndroidManifest.xml:16:1-51:12
MERGED from [com.google.firebase:firebase-common:9.6.1] AndroidManifest.xml:2:1-8:12
MERGED from [com.google.android.gms:play-services-tasks:9.6.1] AndroidManifest.xml:2:1-5:12
MERGED from [com.google.android.gms:play-services-basement:9.6.1] AndroidManifest.xml:16:1-23:12
MERGED from [com.android.support:support-v4:25.4.0] AndroidManifest.xml:17:1-31:12
MERGED from [com.android.support:support-fragment:25.4.0] AndroidManifest.xml:17:1-31:12
MERGED from [com.android.support:support-core-ui:25.4.0] AndroidManifest.xml:17:1-31:12
MERGED from [com.android.support:support-media-compat:25.4.0] AndroidManifest.xml:17:1-31:12
MERGED from [com.android.support:support-core-utils:25.4.0] AndroidManifest.xml:17:1-31:12
MERGED from [com.android.support:support-compat:25.4.0] AndroidManifest.xml:17:1-31:12
MERGED from [com.crashlytics.sdk.android:beta:1.2.7] AndroidManifest.xml:2:1-13:12
MERGED from [io.fabric.sdk.android:fabric:1.4.1] AndroidManifest.xml:22:1-33:12
INJECTED from src/main/AndroidManifest.xml:2:1-61:12
INJECTED from src/main/AndroidManifest.xml:2:1-61:12
INJECTED from src/main/AndroidManifest.xml:2:1-61:12
	package
		ADDED from src/main/AndroidManifest.xml:3:5-36
		INJECTED from src/main/AndroidManifest.xml
		INJECTED from src/main/AndroidManifest.xml
	android:versionName
		INJECTED from src/main/AndroidManifest.xml
		ADDED from src/main/AndroidManifest.xml:2:1-61:12
		INJECTED from src/main/AndroidManifest.xml
	android:versionCode
		INJECTED from src/main/AndroidManifest.xml
		ADDED from src/main/AndroidManifest.xml:2:1-61:12
		INJECTED from src/main/AndroidManifest.xml
	xmlns:android
		ADDED from src/main/AndroidManifest.xml:2:11-69
uses-permission#android.permission.READ_EXTERNAL_STORAGE
ADDED from src/main/AndroidManifest.xml:5:5-80
	android:name
		ADDED from src/main/AndroidManifest.xml:5:22-77
uses-permission#android.permission.WRITE_EXTERNAL_STORAGE
ADDED from src/main/AndroidManifest.xml:6:5-81
	android:name
		ADDED from src/main/AndroidManifest.xml:6:22-78
uses-permission#android.permission.ACCESS_NETWORK_STATE
ADDED from src/main/AndroidManifest.xml:7:5-79
MERGED from [com.google.firebase:firebase-analytics:9.6.1] AndroidManifest.xml:21:5-78
MERGED from [com.google.firebase:firebase-analytics:9.6.1] AndroidManifest.xml:21:5-78
MERGED from [com.google.firebase:firebase-analytics-impl:9.6.1] AndroidManifest.xml:21:5-78
MERGED from [com.google.firebase:firebase-analytics-impl:9.6.1] AndroidManifest.xml:21:5-78
MERGED from [com.google.firebase:firebase-iid:9.6.1] AndroidManifest.xml:19:5-78
MERGED from [com.google.firebase:firebase-iid:9.6.1] AndroidManifest.xml:19:5-78
	android:name
		ADDED from src/main/AndroidManifest.xml:7:22-76
uses-permission#android.permission.INTERNET
ADDED from src/main/AndroidManifest.xml:8:5-67
MERGED from [com.crashlytics.sdk.android:crashlytics:2.8.0] AndroidManifest.xml:9:5-67
MERGED from [com.crashlytics.sdk.android:crashlytics:2.8.0] AndroidManifest.xml:9:5-67
MERGED from [com.crashlytics.sdk.android:crashlytics-core:2.5.0] AndroidManifest.xml:52:5-67
MERGED from [com.crashlytics.sdk.android:crashlytics-core:2.5.0] AndroidManifest.xml:52:5-67
MERGED from [com.crashlytics.sdk.android:answers:1.4.1] AndroidManifest.xml:9:5-67
MERGED from [com.crashlytics.sdk.android:answers:1.4.1] AndroidManifest.xml:9:5-67
MERGED from [com.google.firebase:firebase-analytics:9.6.1] AndroidManifest.xml:20:5-66
MERGED from [com.google.firebase:firebase-analytics:9.6.1] AndroidManifest.xml:20:5-66
MERGED from [com.google.firebase:firebase-analytics-impl:9.6.1] AndroidManifest.xml:20:5-66
MERGED from [com.google.firebase:firebase-analytics-impl:9.6.1] AndroidManifest.xml:20:5-66
MERGED from [com.google.firebase:firebase-iid:9.6.1] AndroidManifest.xml:20:5-66
MERGED from [com.google.firebase:firebase-iid:9.6.1] AndroidManifest.xml:20:5-66
MERGED from [com.crashlytics.sdk.android:beta:1.2.7] AndroidManifest.xml:9:5-67
MERGED from [com.crashlytics.sdk.android:beta:1.2.7] AndroidManifest.xml:9:5-67
MERGED from [io.fabric.sdk.android:fabric:1.4.1] AndroidManifest.xml:29:5-67
MERGED from [io.fabric.sdk.android:fabric:1.4.1] AndroidManifest.xml:29:5-67
	android:name
		ADDED from src/main/AndroidManifest.xml:8:22-64
application
ADDED from src/main/AndroidManifest.xml:10:5-59:19
MERGED from [com.android.support:design:25.4.0] AndroidManifest.xml:25:5-29:19
MERGED from [com.android.support:design:25.4.0] AndroidManifest.xml:25:5-29:19
MERGED from [com.android.support:appcompat-v7:25.4.0] AndroidManifest.xml:25:5-29:19
MERGED from [com.android.support:appcompat-v7:25.4.0] AndroidManifest.xml:25:5-29:19
MERGED from [com.android.support:recyclerview-v7:25.4.0] AndroidManifest.xml:22:5-26:19
MERGED from [com.android.support:recyclerview-v7:25.4.0] AndroidManifest.xml:22:5-26:19
MERGED from [com.google.firebase:firebase-core:9.6.1] AndroidManifest.xml:5:5-20
MERGED from [com.google.firebase:firebase-core:9.6.1] AndroidManifest.xml:5:5-20
MERGED from [com.crashlytics.sdk.android:crashlytics:2.8.0] AndroidManifest.xml:11:5-17:19
MERGED from [com.crashlytics.sdk.android:crashlytics:2.8.0] AndroidManifest.xml:11:5-17:19
MERGED from [com.crashlytics.sdk.android:crashlytics-core:2.5.0] AndroidManifest.xml:54:5-20
MERGED from [com.crashlytics.sdk.android:crashlytics-core:2.5.0] AndroidManifest.xml:54:5-20
MERGED from [com.crashlytics.sdk.android:answers:1.4.1] AndroidManifest.xml:11:5-20
MERGED from [com.crashlytics.sdk.android:answers:1.4.1] AndroidManifest.xml:11:5-20
MERGED from [com.android.support:animated-vector-drawable:25.4.0] AndroidManifest.xml:22:5-26:19
MERGED from [com.android.support:animated-vector-drawable:25.4.0] AndroidManifest.xml:22:5-26:19
MERGED from [com.android.support:support-vector-drawable:25.4.0] AndroidManifest.xml:22:5-26:19
MERGED from [com.android.support:support-vector-drawable:25.4.0] AndroidManifest.xml:22:5-26:19
MERGED from [com.android.support:transition:25.4.0] AndroidManifest.xml:22:5-26:19
MERGED from [com.android.support:transition:25.4.0] AndroidManifest.xml:22:5-26:19
MERGED from [com.google.firebase:firebase-analytics:9.6.1] AndroidManifest.xml:24:5-33:19
MERGED from [com.google.firebase:firebase-analytics:9.6.1] AndroidManifest.xml:24:5-33:19
MERGED from [com.google.firebase:firebase-analytics-impl:9.6.1] AndroidManifest.xml:24:5-28:19
MERGED from [com.google.firebase:firebase-analytics-impl:9.6.1] AndroidManifest.xml:24:5-28:19
MERGED from [com.google.firebase:firebase-iid:9.6.1] AndroidManifest.xml:28:5-50:19
MERGED from [com.google.firebase:firebase-iid:9.6.1] AndroidManifest.xml:28:5-50:19
MERGED from [com.google.firebase:firebase-common:9.6.1] AndroidManifest.xml:4:5-7:19
MERGED from [com.google.firebase:firebase-common:9.6.1] AndroidManifest.xml:4:5-7:19
MERGED from [com.google.android.gms:play-services-tasks:9.6.1] AndroidManifest.xml:4:5-19
MERGED from [com.google.android.gms:play-services-tasks:9.6.1] AndroidManifest.xml:4:5-19
MERGED from [com.google.android.gms:play-services-basement:9.6.1] AndroidManifest.xml:19:5-21:19
MERGED from [com.google.android.gms:play-services-basement:9.6.1] AndroidManifest.xml:19:5-21:19
MERGED from [com.android.support:support-v4:25.4.0] AndroidManifest.xml:25:5-29:19
MERGED from [com.android.support:support-v4:25.4.0] AndroidManifest.xml:25:5-29:19
MERGED from [com.android.support:support-fragment:25.4.0] AndroidManifest.xml:25:5-29:19
MERGED from [com.android.support:support-fragment:25.4.0] AndroidManifest.xml:25:5-29:19
MERGED from [com.android.support:support-core-ui:25.4.0] AndroidManifest.xml:25:5-29:19
MERGED from [com.android.support:support-core-ui:25.4.0] AndroidManifest.xml:25:5-29:19
MERGED from [com.android.support:support-media-compat:25.4.0] AndroidManifest.xml:25:5-29:19
MERGED from [com.android.support:support-media-compat:25.4.0] AndroidManifest.xml:25:5-29:19
MERGED from [com.android.support:support-core-utils:25.4.0] AndroidManifest.xml:25:5-29:19
MERGED from [com.android.support:support-core-utils:25.4.0] AndroidManifest.xml:25:5-29:19
MERGED from [com.android.support:support-compat:25.4.0] AndroidManifest.xml:25:5-29:19
MERGED from [com.android.support:support-compat:25.4.0] AndroidManifest.xml:25:5-29:19
MERGED from [com.crashlytics.sdk.android:beta:1.2.7] AndroidManifest.xml:11:5-20
MERGED from [com.crashlytics.sdk.android:beta:1.2.7] AndroidManifest.xml:11:5-20
MERGED from [io.fabric.sdk.android:fabric:1.4.1] AndroidManifest.xml:31:5-20
MERGED from [io.fabric.sdk.android:fabric:1.4.1] AndroidManifest.xml:31:5-20
	android:supportsRtl
		ADDED from src/main/AndroidManifest.xml:14:9-35
	android:label
		ADDED from src/main/AndroidManifest.xml:13:9-41
	android:icon
		ADDED from src/main/AndroidManifest.xml:12:9-43
	android:allowBackup
		ADDED from src/main/AndroidManifest.xml:11:9-35
	android:theme
		ADDED from src/main/AndroidManifest.xml:15:9-40
meta-data#com.google.android.gms.version
ADDED from src/main/AndroidManifest.xml:20:9-22:69
MERGED from [com.google.android.gms:play-services-basement:9.6.1] AndroidManifest.xml:20:9-121
MERGED from [com.google.android.gms:play-services-basement:9.6.1] AndroidManifest.xml:20:9-121
	android:value
		ADDED from src/main/AndroidManifest.xml:22:13-66
	android:name
		ADDED from src/main/AndroidManifest.xml:21:13-58
activity#nural.smart.cdleganes.MainActivity
ADDED from src/main/AndroidManifest.xml:24:9-30:20
	android:label
		ADDED from src/main/AndroidManifest.xml:26:13-45
	android:launchMode
		ADDED from src/main/AndroidManifest.xml:28:13-43
	android:theme
		ADDED from src/main/AndroidManifest.xml:27:13-56
	android:name
		ADDED from src/main/AndroidManifest.xml:25:13-41
activity#nural.smart.cdleganes.EntryDetailActivity
ADDED from src/main/AndroidManifest.xml:32:9-42:20
	android:parentActivityName
		ADDED from src/main/AndroidManifest.xml:35:13-55
	android:label
		ADDED from src/main/AndroidManifest.xml:34:13-45
	android:name
		ADDED from src/main/AndroidManifest.xml:33:13-48
meta-data#android.support.PARENT_ACTIVITY
ADDED from src/main/AndroidManifest.xml:38:13-40:49
	android:value
		ADDED from src/main/AndroidManifest.xml:40:17-46
	android:name
		ADDED from src/main/AndroidManifest.xml:39:17-63
activity#nural.smart.cdleganes.SplashActivity
ADDED from src/main/AndroidManifest.xml:44:9-52:20
	android:theme
		ADDED from src/main/AndroidManifest.xml:46:13-47
	android:name
		ADDED from src/main/AndroidManifest.xml:45:13-43
intent-filter#android.intent.action.MAIN+android.intent.category.LAUNCHER
ADDED from src/main/AndroidManifest.xml:47:13-51:29
action#android.intent.action.MAIN
ADDED from src/main/AndroidManifest.xml:48:17-69
	android:name
		ADDED from src/main/AndroidManifest.xml:48:25-66
category#android.intent.category.LAUNCHER
ADDED from src/main/AndroidManifest.xml:50:17-77
	android:name
		ADDED from src/main/AndroidManifest.xml:50:27-74
meta-data#io.fabric.ApiKey
ADDED from src/main/AndroidManifest.xml:54:9-57:15
	android:value
		ADDED from src/main/AndroidManifest.xml:56:13-69
	android:name
		ADDED from src/main/AndroidManifest.xml:55:13-44
uses-sdk
INJECTED from src/main/AndroidManifest.xml reason: use-sdk injection requested
INJECTED from src/main/AndroidManifest.xml
INJECTED from src/main/AndroidManifest.xml
MERGED from [com.android.support:design:25.4.0] AndroidManifest.xml:21:5-23:62
MERGED from [com.android.support:design:25.4.0] AndroidManifest.xml:21:5-23:62
MERGED from [com.android.support:appcompat-v7:25.4.0] AndroidManifest.xml:21:5-23:78
MERGED from [com.android.support:appcompat-v7:25.4.0] AndroidManifest.xml:21:5-23:78
MERGED from [com.android.support:recyclerview-v7:25.4.0] AndroidManifest.xml:20:5-43
MERGED from [com.android.support:recyclerview-v7:25.4.0] AndroidManifest.xml:20:5-43
MERGED from [com.google.firebase:firebase-core:9.6.1] AndroidManifest.xml:4:5-42
MERGED from [com.google.firebase:firebase-core:9.6.1] AndroidManifest.xml:4:5-42
MERGED from [com.crashlytics.sdk.android:crashlytics:2.8.0] AndroidManifest.xml:7:5-43
MERGED from [com.crashlytics.sdk.android:crashlytics:2.8.0] AndroidManifest.xml:7:5-43
MERGED from [com.crashlytics.sdk.android:crashlytics-core:2.5.0] AndroidManifest.xml:50:5-43
MERGED from [com.crashlytics.sdk.android:crashlytics-core:2.5.0] AndroidManifest.xml:50:5-43
MERGED from [com.crashlytics.sdk.android:answers:1.4.1] AndroidManifest.xml:7:5-43
MERGED from [com.crashlytics.sdk.android:answers:1.4.1] AndroidManifest.xml:7:5-43
MERGED from [com.android.support:animated-vector-drawable:25.4.0] AndroidManifest.xml:20:5-44
MERGED from [com.android.support:animated-vector-drawable:25.4.0] AndroidManifest.xml:20:5-44
MERGED from [com.android.support:support-vector-drawable:25.4.0] AndroidManifest.xml:20:5-43
MERGED from [com.android.support:support-vector-drawable:25.4.0] AndroidManifest.xml:20:5-43
MERGED from [com.android.support:transition:25.4.0] AndroidManifest.xml:20:5-44
MERGED from [com.android.support:transition:25.4.0] AndroidManifest.xml:20:5-44
MERGED from [com.google.firebase:firebase-analytics:9.6.1] AndroidManifest.xml:17:5-42
MERGED from [com.google.firebase:firebase-analytics:9.6.1] AndroidManifest.xml:17:5-42
MERGED from [com.google.firebase:firebase-analytics-impl:9.6.1] AndroidManifest.xml:17:5-42
MERGED from [com.google.firebase:firebase-analytics-impl:9.6.1] AndroidManifest.xml:17:5-42
MERGED from [com.google.firebase:firebase-iid:9.6.1] AndroidManifest.xml:17:5-42
MERGED from [com.google.firebase:firebase-iid:9.6.1] AndroidManifest.xml:17:5-42
MERGED from [com.google.firebase:firebase-common:9.6.1] AndroidManifest.xml:3:5-42
MERGED from [com.google.firebase:firebase-common:9.6.1] AndroidManifest.xml:3:5-42
MERGED from [com.google.android.gms:play-services-tasks:9.6.1] AndroidManifest.xml:3:5-42
MERGED from [com.google.android.gms:play-services-tasks:9.6.1] AndroidManifest.xml:3:5-42
MERGED from [com.google.android.gms:play-services-basement:9.6.1] AndroidManifest.xml:17:5-42
MERGED from [com.google.android.gms:play-services-basement:9.6.1] AndroidManifest.xml:17:5-42
MERGED from [com.android.support:support-v4:25.4.0] AndroidManifest.xml:21:5-23:54
MERGED from [com.android.support:support-v4:25.4.0] AndroidManifest.xml:21:5-23:54
MERGED from [com.android.support:support-fragment:25.4.0] AndroidManifest.xml:21:5-23:60
MERGED from [com.android.support:support-fragment:25.4.0] AndroidManifest.xml:21:5-23:60
MERGED from [com.android.support:support-core-ui:25.4.0] AndroidManifest.xml:21:5-23:58
MERGED from [com.android.support:support-core-ui:25.4.0] AndroidManifest.xml:21:5-23:58
MERGED from [com.android.support:support-media-compat:25.4.0] AndroidManifest.xml:21:5-23:63
MERGED from [com.android.support:support-media-compat:25.4.0] AndroidManifest.xml:21:5-23:63
MERGED from [com.android.support:support-core-utils:25.4.0] AndroidManifest.xml:21:5-23:61
MERGED from [com.android.support:support-core-utils:25.4.0] AndroidManifest.xml:21:5-23:61
MERGED from [com.android.support:support-compat:25.4.0] AndroidManifest.xml:21:5-23:58
MERGED from [com.android.support:support-compat:25.4.0] AndroidManifest.xml:21:5-23:58
MERGED from [com.crashlytics.sdk.android:beta:1.2.7] AndroidManifest.xml:7:5-43
MERGED from [com.crashlytics.sdk.android:beta:1.2.7] AndroidManifest.xml:7:5-43
MERGED from [io.fabric.sdk.android:fabric:1.4.1] AndroidManifest.xml:27:5-43
MERGED from [io.fabric.sdk.android:fabric:1.4.1] AndroidManifest.xml:27:5-43
INJECTED from src/main/AndroidManifest.xml
INJECTED from src/main/AndroidManifest.xml
	tools:overrideLibrary
		ADDED from [com.android.support:design:25.4.0] AndroidManifest.xml:23:9-59
	android:targetSdkVersion
		INJECTED from src/main/AndroidManifest.xml
		ADDED from src/main/AndroidManifest.xml
		INJECTED from src/main/AndroidManifest.xml
	android:minSdkVersion
		INJECTED from src/main/AndroidManifest.xml
		ADDED from src/main/AndroidManifest.xml
		INJECTED from src/main/AndroidManifest.xml
meta-data#android.support.VERSION
ADDED from [com.android.support:design:25.4.0] AndroidManifest.xml:26:9-28:38
MERGED from [com.android.support:appcompat-v7:25.4.0] AndroidManifest.xml:26:9-28:38
MERGED from [com.android.support:appcompat-v7:25.4.0] AndroidManifest.xml:26:9-28:38
MERGED from [com.android.support:recyclerview-v7:25.4.0] AndroidManifest.xml:23:9-25:38
MERGED from [com.android.support:recyclerview-v7:25.4.0] AndroidManifest.xml:23:9-25:38
MERGED from [com.android.support:animated-vector-drawable:25.4.0] AndroidManifest.xml:23:9-25:38
MERGED from [com.android.support:animated-vector-drawable:25.4.0] AndroidManifest.xml:23:9-25:38
MERGED from [com.android.support:support-vector-drawable:25.4.0] AndroidManifest.xml:23:9-25:38
MERGED from [com.android.support:support-vector-drawable:25.4.0] AndroidManifest.xml:23:9-25:38
MERGED from [com.android.support:transition:25.4.0] AndroidManifest.xml:23:9-25:38
MERGED from [com.android.support:transition:25.4.0] AndroidManifest.xml:23:9-25:38
MERGED from [com.android.support:support-v4:25.4.0] AndroidManifest.xml:26:9-28:38
MERGED from [com.android.support:support-v4:25.4.0] AndroidManifest.xml:26:9-28:38
MERGED from [com.android.support:support-fragment:25.4.0] AndroidManifest.xml:26:9-28:38
MERGED from [com.android.support:support-fragment:25.4.0] AndroidManifest.xml:26:9-28:38
MERGED from [com.android.support:support-core-ui:25.4.0] AndroidManifest.xml:26:9-28:38
MERGED from [com.android.support:support-core-ui:25.4.0] AndroidManifest.xml:26:9-28:38
MERGED from [com.android.support:support-media-compat:25.4.0] AndroidManifest.xml:26:9-28:38
MERGED from [com.android.support:support-media-compat:25.4.0] AndroidManifest.xml:26:9-28:38
MERGED from [com.android.support:support-core-utils:25.4.0] AndroidManifest.xml:26:9-28:38
MERGED from [com.android.support:support-core-utils:25.4.0] AndroidManifest.xml:26:9-28:38
MERGED from [com.android.support:support-compat:25.4.0] AndroidManifest.xml:26:9-28:38
MERGED from [com.android.support:support-compat:25.4.0] AndroidManifest.xml:26:9-28:38
	android:value
		ADDED from [com.android.support:design:25.4.0] AndroidManifest.xml:28:13-35
	android:name
		ADDED from [com.android.support:design:25.4.0] AndroidManifest.xml:27:13-51
provider#com.crashlytics.android.CrashlyticsInitProvider
ADDED from [com.crashlytics.sdk.android:crashlytics:2.8.0] AndroidManifest.xml:12:9-16:39
	android:authorities
		ADDED from [com.crashlytics.sdk.android:crashlytics:2.8.0] AndroidManifest.xml:14:13-75
	android:exported
		ADDED from [com.crashlytics.sdk.android:crashlytics:2.8.0] AndroidManifest.xml:15:13-37
	android:initOrder
		ADDED from [com.crashlytics.sdk.android:crashlytics:2.8.0] AndroidManifest.xml:16:13-36
	android:name
		ADDED from [com.crashlytics.sdk.android:crashlytics:2.8.0] AndroidManifest.xml:13:13-75
uses-permission#android.permission.WAKE_LOCK
ADDED from [com.google.firebase:firebase-analytics:9.6.1] AndroidManifest.xml:22:5-67
MERGED from [com.google.firebase:firebase-analytics-impl:9.6.1] AndroidManifest.xml:22:5-67
MERGED from [com.google.firebase:firebase-analytics-impl:9.6.1] AndroidManifest.xml:22:5-67
MERGED from [com.google.firebase:firebase-iid:9.6.1] AndroidManifest.xml:21:5-67
MERGED from [com.google.firebase:firebase-iid:9.6.1] AndroidManifest.xml:21:5-67
	android:name
		ADDED from [com.google.firebase:firebase-analytics:9.6.1] AndroidManifest.xml:22:22-65
receiver#com.google.android.gms.measurement.AppMeasurementReceiver
ADDED from [com.google.firebase:firebase-analytics:9.6.1] AndroidManifest.xml:25:7-26:18
MERGED from [com.google.firebase:firebase-analytics-impl:9.6.1] AndroidManifest.xml:25:7-26:18
MERGED from [com.google.firebase:firebase-analytics-impl:9.6.1] AndroidManifest.xml:25:7-26:18
	android:enabled
		ADDED from [com.google.firebase:firebase-analytics:9.6.1] AndroidManifest.xml:25:90-112
	android:exported
		ADDED from [com.google.firebase:firebase-analytics:9.6.1] AndroidManifest.xml:25:113-137
	android:name
		ADDED from [com.google.firebase:firebase-analytics:9.6.1] AndroidManifest.xml:25:17-89
receiver#com.google.android.gms.measurement.AppMeasurementInstallReferrerReceiver
ADDED from [com.google.firebase:firebase-analytics:9.6.1] AndroidManifest.xml:27:7-31:18
	android:enabled
		ADDED from [com.google.firebase:firebase-analytics:9.6.1] AndroidManifest.xml:27:162-184
	android:permission
		ADDED from [com.google.firebase:firebase-analytics:9.6.1] AndroidManifest.xml:27:105-161
	android:name
		ADDED from [com.google.firebase:firebase-analytics:9.6.1] AndroidManifest.xml:27:17-104
intent-filter#com.android.vending.INSTALL_REFERRER
ADDED from [com.google.firebase:firebase-analytics:9.6.1] AndroidManifest.xml:28:11-30:27
action#com.android.vending.INSTALL_REFERRER
ADDED from [com.google.firebase:firebase-analytics:9.6.1] AndroidManifest.xml:29:15-76
	android:name
		ADDED from [com.google.firebase:firebase-analytics:9.6.1] AndroidManifest.xml:29:23-74
service#com.google.android.gms.measurement.AppMeasurementService
ADDED from [com.google.firebase:firebase-analytics:9.6.1] AndroidManifest.xml:32:7-137
MERGED from [com.google.firebase:firebase-analytics-impl:9.6.1] AndroidManifest.xml:27:7-137
MERGED from [com.google.firebase:firebase-analytics-impl:9.6.1] AndroidManifest.xml:27:7-137
	android:enabled
		ADDED from [com.google.firebase:firebase-analytics:9.6.1] AndroidManifest.xml:32:88-110
	android:exported
		ADDED from [com.google.firebase:firebase-analytics:9.6.1] AndroidManifest.xml:32:111-135
	android:name
		ADDED from [com.google.firebase:firebase-analytics:9.6.1] AndroidManifest.xml:32:16-87
uses-permission#com.google.android.c2dm.permission.RECEIVE
ADDED from [com.google.firebase:firebase-iid:9.6.1] AndroidManifest.xml:22:5-81
	android:name
		ADDED from [com.google.firebase:firebase-iid:9.6.1] AndroidManifest.xml:22:22-79
permission#${applicationId}.permission.C2D_MESSAGE
ADDED from [com.google.firebase:firebase-iid:9.6.1] AndroidManifest.xml:24:5-109
	android:protectionLevel
		ADDED from [com.google.firebase:firebase-iid:9.6.1] AndroidManifest.xml:24:72-107
	android:name
		ADDED from [com.google.firebase:firebase-iid:9.6.1] AndroidManifest.xml:24:17-71
permission#nuralsmart.noticias.leganes.permission.C2D_MESSAGE
ADDED from [com.google.firebase:firebase-iid:9.6.1] AndroidManifest.xml:24:5-109
	android:protectionLevel
		ADDED from [com.google.firebase:firebase-iid:9.6.1] AndroidManifest.xml:24:72-107
	android:name
		ADDED from [com.google.firebase:firebase-iid:9.6.1] AndroidManifest.xml:24:17-71
uses-permission#${applicationId}.permission.C2D_MESSAGE
ADDED from [com.google.firebase:firebase-iid:9.6.1] AndroidManifest.xml:26:5-78
	android:name
		ADDED from [com.google.firebase:firebase-iid:9.6.1] AndroidManifest.xml:26:22-76
uses-permission#nuralsmart.noticias.leganes.permission.C2D_MESSAGE
ADDED from [com.google.firebase:firebase-iid:9.6.1] AndroidManifest.xml:26:5-78
	android:name
		ADDED from [com.google.firebase:firebase-iid:9.6.1] AndroidManifest.xml:26:22-76
receiver#com.google.firebase.iid.FirebaseInstanceIdReceiver
ADDED from [com.google.firebase:firebase-iid:9.6.1] AndroidManifest.xml:30:9-36:20
	android:exported
		ADDED from [com.google.firebase:firebase-iid:9.6.1] AndroidManifest.xml:30:85-108
	android:permission
		ADDED from [com.google.firebase:firebase-iid:9.6.1] AndroidManifest.xml:30:109-169
	android:name
		ADDED from [com.google.firebase:firebase-iid:9.6.1] AndroidManifest.xml:30:19-84
intent-filter#${applicationId}+com.google.android.c2dm.intent.RECEIVE+com.google.android.c2dm.intent.REGISTRATION
ADDED from [com.google.firebase:firebase-iid:9.6.1] AndroidManifest.xml:31:13-35:29
intent-filter#com.google.android.c2dm.intent.RECEIVE+com.google.android.c2dm.intent.REGISTRATION+nuralsmart.noticias.leganes
ADDED from [com.google.firebase:firebase-iid:9.6.1] AndroidManifest.xml:31:13-35:29
action#com.google.android.c2dm.intent.RECEIVE
ADDED from [com.google.firebase:firebase-iid:9.6.1] AndroidManifest.xml:32:17-80
	android:name
		ADDED from [com.google.firebase:firebase-iid:9.6.1] AndroidManifest.xml:32:25-78
action#com.google.android.c2dm.intent.REGISTRATION
ADDED from [com.google.firebase:firebase-iid:9.6.1] AndroidManifest.xml:33:17-85
	android:name
		ADDED from [com.google.firebase:firebase-iid:9.6.1] AndroidManifest.xml:33:25-83
category#${applicationId}
ADDED from [com.google.firebase:firebase-iid:9.6.1] AndroidManifest.xml:34:17-60
	android:name
		ADDED from [com.google.firebase:firebase-iid:9.6.1] AndroidManifest.xml:34:27-58
category#nuralsmart.noticias.leganes
ADDED from [com.google.firebase:firebase-iid:9.6.1] AndroidManifest.xml:34:17-60
	android:name
		ADDED from [com.google.firebase:firebase-iid:9.6.1] AndroidManifest.xml:34:27-58
receiver#com.google.firebase.iid.FirebaseInstanceIdInternalReceiver
ADDED from [com.google.firebase:firebase-iid:9.6.1] AndroidManifest.xml:40:9-119
	android:exported
		ADDED from [com.google.firebase:firebase-iid:9.6.1] AndroidManifest.xml:40:93-117
	android:name
		ADDED from [com.google.firebase:firebase-iid:9.6.1] AndroidManifest.xml:40:19-92
service#com.google.firebase.iid.FirebaseInstanceIdService
ADDED from [com.google.firebase:firebase-iid:9.6.1] AndroidManifest.xml:44:9-48:19
	android:exported
		ADDED from [com.google.firebase:firebase-iid:9.6.1] AndroidManifest.xml:44:83-106
	android:name
		ADDED from [com.google.firebase:firebase-iid:9.6.1] AndroidManifest.xml:44:18-82
intent-filter#com.google.firebase.INSTANCE_ID_EVENT
ADDED from [com.google.firebase:firebase-iid:9.6.1] AndroidManifest.xml:45:13-47:29
	android:priority
		ADDED from [com.google.firebase:firebase-iid:9.6.1] AndroidManifest.xml:45:28-51
action#com.google.firebase.INSTANCE_ID_EVENT
ADDED from [com.google.firebase:firebase-iid:9.6.1] AndroidManifest.xml:46:17-79
	android:name
		ADDED from [com.google.firebase:firebase-iid:9.6.1] AndroidManifest.xml:46:25-77
provider#com.google.firebase.provider.FirebaseInitProvider
ADDED from [com.google.firebase:firebase-common:9.6.1] AndroidManifest.xml:6:9-175
	android:authorities
		ADDED from [com.google.firebase:firebase-common:9.6.1] AndroidManifest.xml:6:19-78
	android:exported
		ADDED from [com.google.firebase:firebase-common:9.6.1] AndroidManifest.xml:6:125-149
	android:initOrder
		ADDED from [com.google.firebase:firebase-common:9.6.1] AndroidManifest.xml:6:150-173
	android:name
		ADDED from [com.google.firebase:firebase-common:9.6.1] AndroidManifest.xml:6:79-124